<?xml version="1.0" encoding="UTF-8"?>
<testsuite name="LibraryTest" tests="2" skipped="0" failures="0" errors="0" timestamp="2016-09-17T20:44:40" hostname="Samrudhis-MacBook-Air.local" time="3.344">
  <properties/>
  <testcase name="test" classname="LibraryTest" time="1.987"/>
  <testcase name="test1" classname="LibraryTest" time="1.355"/>
  <system-out><![CDATA[]]></system-out>
  <system-err><![CDATA[]]></system-err>
</testsuite>
